[14:34:58] [main/INFO]: Setting user: Player33
[14:35:01] [Client thread/INFO]: LWJGL Version: 2.9.1
[14:35:11] [Client thread/INFO]: Reloading ResourceManager: Default, FMLFileResourcePack:Forge Mod Loader, FMLFileResourcePack:Minecraft Forge, FMLFileResourcePack:First Mod
[14:35:12] [Sound Library Loader/INFO]: Sound engine started
[14:35:17] [Client thread/INFO]: Created: 512x256 textures/blocks-atlas
[14:35:17] [Client thread/INFO]: Created: 256x256 textures/items-atlas
[14:35:18] [Client thread/INFO]: Reloading ResourceManager: Default, FMLFileResourcePack:Forge Mod Loader, FMLFileResourcePack:Minecraft Forge, FMLFileResourcePack:First Mod
[14:35:19] [Client thread/INFO]: Created: 512x256 textures/blocks-atlas
[14:35:19] [Client thread/INFO]: Created: 256x256 textures/items-atlas
[14:35:20] [Sound Library Loader/INFO]: Sound engine started
[14:35:32] [Server thread/INFO]: Starting integrated minecraft server version 1.7.10
[14:35:32] [Server thread/INFO]: Generating keypair
[14:35:33] [Server thread/INFO]: Preparing start region for level 0
[14:35:34] [Server thread/INFO]: Preparing spawn area: 64%
[14:35:35] [Server thread/INFO]: Changing view distance to 12, from 10
[14:35:37] [Server thread/INFO]: Player33[local:E:db296ce3] logged in with entity id 163 at (-64.55277885196122, 4.0, -286.5419794375503)
[14:35:37] [Server thread/INFO]: Player33 joined the game
[14:35:40] [Server thread/WARN]: Can't keep up! Did the system time change, or is the server overloaded? Running 2829ms behind, skipping 56 tick(s)
[14:35:54] [Client thread/INFO]: [CHAT] Unknown command. Try /help for a list of commands
[14:35:58] [Client thread/INFO]: [CHAT] --- Showing help page 1 of 5 (/help <page>) ---
[14:35:58] [Client thread/INFO]: [CHAT] /achievement give <stat_name> [player]
[14:35:58] [Client thread/INFO]: [CHAT] /clear <player> [item] [data]
[14:35:58] [Client thread/INFO]: [CHAT] /debug <start|stop>
[14:35:58] [Client thread/INFO]: [CHAT] /defaultgamemode <mode>
[14:35:58] [Client thread/INFO]: [CHAT] /difficulty <new difficulty>
[14:35:58] [Client thread/INFO]: [CHAT] /effect <player> <effect> [seconds] [amplifier]
[14:35:58] [Client thread/INFO]: [CHAT] /enchant <player> <enchantment ID> [level]
[14:35:58] [Client thread/INFO]: [CHAT] Tip: Use the <tab> key while typing a command to auto-complete the command or its arguments
[14:36:04] [Client thread/INFO]: [CHAT] Unknown command. Try /help for a list of commands
[14:36:07] [Client thread/INFO]: [CHAT] --- Showing help page 2 of 5 (/help <page>) ---
[14:36:07] [Client thread/INFO]: [CHAT] Use /forge <subcommand>. Subcommands are tps, track
[14:36:07] [Client thread/INFO]: [CHAT] /gamemode <mode> [player]
[14:36:07] [Client thread/INFO]: [CHAT] /gamerule <rule name> <value> OR /gamerule <rule name>
[14:36:07] [Client thread/INFO]: [CHAT] /give <player> <item> [amount] [data] [dataTag]
[14:36:07] [Client thread/INFO]: [CHAT] /help [page|command name]
[14:36:07] [Client thread/INFO]: [CHAT] /kill
[14:36:07] [Client thread/INFO]: [CHAT] /me <action ...>
[14:36:12] [Client thread/INFO]: [CHAT] --- Showing help page 3 of 5 (/help <page>) ---
[14:36:12] [Client thread/INFO]: [CHAT] /playsound <sound> <player> [x] [y] [z] [volume] [pitch] [minimumVolume]
[14:36:12] [Client thread/INFO]: [CHAT] /publish
[14:36:12] [Client thread/INFO]: [CHAT] /say <message ...>
[14:36:12] [Client thread/INFO]: [CHAT] /scoreboard <objectives|players|teams>
[14:36:12] [Client thread/INFO]: [CHAT] /seed
[14:36:12] [Client thread/INFO]: [CHAT] /setblock <x> <y> <z> <TileName> [dataValue] [oldBlockHandling] [dataTag]
[14:36:12] [Client thread/INFO]: [CHAT] /setworldspawn OR /setworldspawn <x> <y> <z>
[14:36:17] [Client thread/INFO]: [CHAT] --- Showing help page 4 of 5 (/help <page>) ---
[14:36:17] [Client thread/INFO]: [CHAT] /spawnpoint OR /spawnpoint <player> OR /spawnpoint <player> <x> <y> <z>
[14:36:17] [Client thread/INFO]: [CHAT] /spreadplayers <x> <z> <spreadDistance> <maxRange> <respectTeams true|false> <player ...>
[14:36:17] [Client thread/INFO]: [CHAT] /summon <EntityName> [x] [y] [z] [dataTag]
[14:36:17] [Client thread/INFO]: [CHAT] /tell <player> <private message ...>
[14:36:17] [Client thread/INFO]: [CHAT] /tellraw <player> <raw json message>
[14:36:17] [Client thread/INFO]: [CHAT] /testfor <player>
[14:36:17] [Client thread/INFO]: [CHAT] /testforblock <x> <y> <z> <TileName> [dataValue] [dataTag]
[14:36:22] [Client thread/INFO]: [CHAT] --- Showing help page 5 of 5 (/help <page>) ---
[14:36:22] [Client thread/INFO]: [CHAT] /time <set|add> <value>
[14:36:22] [Client thread/INFO]: [CHAT] /toggledownfall
[14:36:22] [Client thread/INFO]: [CHAT] /tp [target player] <destination player> OR /tp [target player] <x> <y> <z>
[14:36:22] [Client thread/INFO]: [CHAT] /weather <clear|rain|thunder> [duration in seconds]
[14:36:22] [Client thread/INFO]: [CHAT] /xp <amount> [player] OR /xp <amount>L [player]
[14:36:33] [Client thread/INFO]: [CHAT] /time <set|add> <value>
[14:36:39] [Server thread/INFO]: [Player33: Added 6000 to the time]
[14:36:39] [Client thread/INFO]: [CHAT] Added 6000 to the time
[14:36:43] [Server thread/INFO]: [Player33: Added 6000 to the time]
[14:36:43] [Client thread/INFO]: [CHAT] Added 6000 to the time
[14:36:59] [Server thread/INFO]: [Player33: Toggled downfall]
[14:36:59] [Client thread/INFO]: [CHAT] Toggled downfall
[14:37:03] [Server thread/INFO]: [Player33: Toggled downfall]
[14:37:03] [Client thread/INFO]: [CHAT] Toggled downfall
[14:37:05] [Server thread/INFO]: Player33 has just earned the achievement [Taking Inventory]
[14:37:05] [Client thread/INFO]: [CHAT] Player33 has just earned the achievement [Taking Inventory]
[14:38:51] [Server thread/INFO]: Saving and pausing game...
[14:38:51] [Server thread/INFO]: Saving chunks for level 'New World'/Overworld
[14:38:51] [Server thread/INFO]: Saving chunks for level 'New World'/Nether
[14:38:51] [Server thread/INFO]: Saving chunks for level 'New World'/The End
[14:38:51] [Server thread/INFO]: Stopping server
[14:38:51] [Server thread/INFO]: Saving players
[14:38:51] [Server thread/INFO]: Saving worlds
[14:38:51] [Server thread/INFO]: Saving chunks for level 'New World'/Overworld
[14:38:51] [Server thread/INFO]: Saving chunks for level 'New World'/Nether
[14:38:51] [Server thread/INFO]: Saving chunks for level 'New World'/The End
[14:38:54] [Client thread/INFO]: Stopping!
